<?xml version="1.0" encoding="UTF-8"?>
<!-- Generated by org.testng.reporters.JUnitReportReporter -->
<testsuite hostname="mech.local" failures="0" tests="1" name="testzenlabs.job.education_form.Main" time="31.401" errors="0" timestamp="2020-06-12T18:23:06 IST" skipped="0">
  <testcase classname="testzenlabs.job.education_form.Main" name="test" time="31.401"/>
</testsuite> <!-- testzenlabs.job.education_form.Main -->
