<?xml version="1.0" encoding="UTF-8"?>
<!-- Generated by org.testng.reporters.JUnitReportReporter -->
<testsuite hostname="mech.local" failures="0" tests="1" name="main.M1" time="41.644" errors="0" timestamp="2020-06-12T17:58:59 IST" skipped="0">
  <testcase classname="main.M1" name="generalInformationTest" time="41.644"/>
</testsuite> <!-- main.M1 -->
