<?xml version="1.0" encoding="UTF-8"?>
<!-- Generated by org.testng.reporters.JUnitReportReporter -->
<testsuite hostname="mech.local" failures="0" tests="1" name="testzenlabs.general_information.General_Information" time="87.602" errors="0" timestamp="2020-06-12T19:25:26 IST" skipped="0">
  <testcase classname="testzenlabs.general_information.General_Information" name="generalInformationTest" time="87.602"/>
</testsuite> <!-- testzenlabs.general_information.General_Information -->
