<?xml version="1.0" encoding="UTF-8"?>
<!-- Generated by org.testng.reporters.JUnitReportReporter -->
<testsuite skipped="0" hostname="mech.local" name="main.M1" tests="1" failures="0" timestamp="2020-06-30T15:59:19 IST" time="45.603" errors="0">
  <testcase name="test" time="45.603" classname="main.M1"/>
</testsuite> <!-- main.M1 -->
